\BOOKMARK [0][-]{chapter*.2}{Table of contents}{}% 1
\BOOKMARK [0][-]{chapter.1}{Theoretical Basics}{}% 2
\BOOKMARK [1][-]{section.1.1}{Brief history of particle physics}{chapter.1}% 3
\BOOKMARK [1][-]{section.1.2}{Standard model}{chapter.1}% 4
\BOOKMARK [1][-]{section.1.3}{Quantum chromo dynamics}{chapter.1}% 5
\BOOKMARK [1][-]{section.1.4}{QCD Lagrangian}{chapter.1}% 6
\BOOKMARK [1][-]{section.1.5}{Colour factor calculation}{chapter.1}% 7
\BOOKMARK [0][-]{chapter.2}{Catani Seymour}{}% 8
\BOOKMARK [1][-]{section.2.1}{IR and Collinar Divergences}{chapter.2}% 9
\BOOKMARK [1][-]{section.2.2}{Subtraction method}{chapter.2}% 10
\BOOKMARK [1][-]{section.2.3}{Hard scattering}{chapter.2}% 11
\BOOKMARK [0][-]{chapter.3}{Analysis}{}% 12
\BOOKMARK [1][-]{section.3.1}{Mapping 3 partons to 2}{chapter.3}% 13
\BOOKMARK [1][-]{section.3.2}{Old mapping}{chapter.3}% 14
\BOOKMARK [1][-]{section.3.3}{new kinematic}{chapter.3}% 15
\BOOKMARK [1][-]{section.3.4}{Single emission part}{chapter.3}% 16
\BOOKMARK [1][-]{section.3.5}{Common scalar products}{chapter.3}% 17
\BOOKMARK [1][-]{section.3.6}{Recipe for the use of the new parametrisation}{chapter.3}% 18
\BOOKMARK [2][-]{subsection.3.6.1}{Parametrization in terms of \040\(k1 qi \)\(k1 qk\) }{section.3.6}% 19
\BOOKMARK [2][-]{subsection.3.6.2}{Parametrization in terms of \040\(k1 qi \)\(k1 qi\) }{section.3.6}% 20
\BOOKMARK [0][-]{chapter.4}{Quark antiquark gluon emission kernel}{}% 21
\BOOKMARK [1][-]{section.4.1}{Matrix element of a quark with a gluon radiation \040|M1|2 }{chapter.4}% 22
\BOOKMARK [1][-]{section.4.2}{Matrix element of an anti-quark with a gluon radiation \040|M2|2 }{chapter.4}% 23
\BOOKMARK [1][-]{section.4.3}{Interference contribution}{chapter.4}% 24
\BOOKMARK [1][-]{section.4.4}{Final result}{chapter.4}% 25
\BOOKMARK [1][-]{section.4.5}{Double-check the results with the new kinematic}{chapter.4}% 26
\BOOKMARK [0][-]{chapter.5}{Gluon gluon gluon emission kernel}{}% 27
\BOOKMARK [1][-]{section.5.1}{Gluon-Emitter Bubble}{chapter.5}% 28
\BOOKMARK [2][-]{subsection.5.1.1}{One-loop corrections to the gluon self-energy diagram\(Gluon-Emitter Bubble\)}{section.5.1}% 29
\BOOKMARK [1][-]{section.5.2}{Gluon-Spectator Bubble}{chapter.5}% 30
\BOOKMARK [2][-]{subsection.5.2.1}{One-loop corrections to the gluon self-energy diagram \(Gluon-Spectator Bubble\)}{section.5.2}% 31
\BOOKMARK [1][-]{section.5.3}{Interference term M1 M2}{chapter.5}% 32
\BOOKMARK [1][-]{section.5.4}{Interference term of inverse M1M2}{chapter.5}% 33
\BOOKMARK [1][-]{section.5.5}{Parametrization in terms of \040\(k1 qi \)\(qi qk\) }{chapter.5}% 34
\BOOKMARK [1][-]{section.5.6}{|M2|}{chapter.5}% 35
\BOOKMARK [0][-]{chapter.6}{Quark gluon quark emission kernel}{}% 36
\BOOKMARK [1][-]{section.6.1}{Quark loop}{chapter.6}% 37
\BOOKMARK [1][-]{section.6.2}{Spectator Quark loop}{chapter.6}% 38
\BOOKMARK [1][-]{section.6.3}{Interference term}{chapter.6}% 39
\BOOKMARK [1][-]{section.6.4}{|M2|}{chapter.6}% 40
\BOOKMARK [0][-]{chapter.7}{Gluon quark quark emission kernel}{}% 41
\BOOKMARK [1][-]{section.7.1}{ M1 }{chapter.7}% 42
\BOOKMARK [1][-]{section.7.2}{ M2 }{chapter.7}% 43
\BOOKMARK [1][-]{section.7.3}{ M1M2 }{chapter.7}% 44
